Active-HDL 11.1.262.7351 2021-05-02 16:37:10

Elaboration top modules:
Architecture                  behavioral(Instruction_Buffer)


--------------------------------------------------------------------------------------------------------------
Entity             | Architecture | Library            | Info | Compiler Version        | Compilation Options
--------------------------------------------------------------------------------------------------------------
Instruction_Buffer | behavioral   | Instruction_Buffer |      | 11.1.262.7351 (Windows) | -O3
--------------------------------------------------------------------------------------------------------------

--------------------------------------------------------------------------------------------------------------
VHDL Package                      | Library            | Info | Compiler Version        | Compilation Options
--------------------------------------------------------------------------------------------------------------
standard                          | std                |      |                         | <unavailable>
TEXTIO                            | std                |      |                         | <unavailable>
std_logic_1164                    | ieee               |      |                         | <unavailable>
NUMERIC_STD                       | ieee               |      |                         | <unavailable>
instruction_input                 | Instruction_Buffer |      |                         | <unavailable>
--------------------------------------------------------------------------------------------------------------

--------------------------------------------------------------------------------------------------------------
Library                           | Comment
--------------------------------------------------------------------------------------------------------------
ieee                              | Standard IEEE packages library
Instruction_Buffer                | None
std                               | Standard VHDL library
--------------------------------------------------------------------------------------------------------------
