Active-HDL 11.1.262.7351 2021-04-30 17:34:40

Elaboration top modules:
Architecture                  tb_architecture(alu_tb)


-----------------------------------------------------------------------------------------------
Entity   | Architecture     | Library   | Info | Compiler Version        | Compilation Options
-----------------------------------------------------------------------------------------------
alu_tb   | tb_architecture  | ese345alu |      | 11.1.262.7351 (Windows) | -O3 -2008
alu      | alu_architecture | ese345alu |      | 11.1.262.7351 (Windows) | -O3 -2008
-----------------------------------------------------------------------------------------------

-----------------------------------------------------------------------------------------------
VHDL Package                | Library   | Info | Compiler Version        | Compilation Options
-----------------------------------------------------------------------------------------------
standard                    | std       |      |                         | <unavailable>
TEXTIO                      | std       |      |                         | <unavailable>
std_logic_1164              | ieee      |      |                         | <unavailable>
NUMERIC_STD                 | ieee      |      |                         | <unavailable>
-----------------------------------------------------------------------------------------------

-----------------------------------------------------------------------------------------------
Library                     | Comment
-----------------------------------------------------------------------------------------------
ese345alu                   | None
ieee                        | Standard IEEE packages library
std                         | Standard VHDL library
-----------------------------------------------------------------------------------------------
